<?xml version="1.0" encoding="UTF-8"?>
<testsuite xmlns:xsi="http://www.w3.org/2001/XMLSchema-instance" xsi:noNamespaceSchemaLocation="https://maven.apache.org/surefire/maven-surefire-plugin/xsd/surefire-test-report-3.0.xsd" version="3.0" name="com.comp301.a09akari.ModelImplTest" time="0.075" tests="4" errors="0" skipped="0" failures="0">
  <properties>
    <property name="java.specification.version" value="17"/>
    <property name="sun.cpu.isalist" value="amd64"/>
    <property name="sun.jnu.encoding" value="Cp1252"/>
    <property name="java.class.path" value="C:\Users\Javi\Desktop\Akari-DAP\target\test-classes;C:\Users\Javi\Desktop\Akari-DAP\target\classes;C:\Users\Javi\.m2\repository\org\openjfx\javafx-controls\14\javafx-controls-14.jar;C:\Users\Javi\.m2\repository\org\openjfx\javafx-controls\14\javafx-controls-14-win.jar;C:\Users\Javi\.m2\repository\org\openjfx\javafx-graphics\14\javafx-graphics-14.jar;C:\Users\Javi\.m2\repository\org\openjfx\javafx-graphics\14\javafx-graphics-14-win.jar;C:\Users\Javi\.m2\repository\org\openjfx\javafx-base\14\javafx-base-14.jar;C:\Users\Javi\.m2\repository\org\openjfx\javafx-base\14\javafx-base-14-win.jar;C:\Users\Javi\.m2\repository\junit\junit\4.12\junit-4.12.jar;C:\Users\Javi\.m2\repository\org\hamcrest\hamcrest-core\1.3\hamcrest-core-1.3.jar;C:\Users\Javi\.m2\repository\org\openjfx\javafx-fxml\14\javafx-fxml-14.jar;C:\Users\Javi\.m2\repository\org\openjfx\javafx-fxml\14\javafx-fxml-14-win.jar;C:\Users\Javi\.m2\repository\org\junit\jupiter\junit-jupiter-api\5.8.2\junit-jupiter-api-5.8.2.jar;C:\Users\Javi\.m2\repository\org\opentest4j\opentest4j\1.2.0\opentest4j-1.2.0.jar;C:\Users\Javi\.m2\repository\org\junit\platform\junit-platform-commons\1.8.2\junit-platform-commons-1.8.2.jar;C:\Users\Javi\.m2\repository\org\apiguardian\apiguardian-api\1.1.2\apiguardian-api-1.1.2.jar;C:\Users\Javi\.m2\repository\org\junit\jupiter\junit-jupiter-engine\5.8.2\junit-jupiter-engine-5.8.2.jar;C:\Users\Javi\.m2\repository\org\junit\platform\junit-platform-engine\1.8.2\junit-platform-engine-1.8.2.jar;"/>
    <property name="java.vm.vendor" value="Oracle Corporation"/>
    <property name="sun.arch.data.model" value="64"/>
    <property name="user.variant" value=""/>
    <property name="java.vendor.url" value="https://java.oracle.com/"/>
    <property name="user.timezone" value="Atlantic/Canary"/>
    <property name="os.name" value="Windows 11"/>
    <property name="java.vm.specification.version" value="17"/>
    <property name="sun.java.launcher" value="SUN_STANDARD"/>
    <property name="user.country" value="ES"/>
    <property name="sun.boot.library.path" value="C:\Program Files\Java\jdk-17\bin"/>
    <property name="sun.java.command" value="C:\Users\Javi\AppData\Local\Temp\surefire10665736770735067531\surefirebooter14071631860252580749.jar C:\Users\Javi\AppData\Local\Temp\surefire10665736770735067531 2023-12-05T22-09-01_493-jvmRun1 surefire996683937583217714tmp surefire_015082897027580799212tmp"/>
    <property name="jdk.debug" value="release"/>
    <property name="surefire.test.class.path" value="C:\Users\Javi\Desktop\Akari-DAP\target\test-classes;C:\Users\Javi\Desktop\Akari-DAP\target\classes;C:\Users\Javi\.m2\repository\org\openjfx\javafx-controls\14\javafx-controls-14.jar;C:\Users\Javi\.m2\repository\org\openjfx\javafx-controls\14\javafx-controls-14-win.jar;C:\Users\Javi\.m2\repository\org\openjfx\javafx-graphics\14\javafx-graphics-14.jar;C:\Users\Javi\.m2\repository\org\openjfx\javafx-graphics\14\javafx-graphics-14-win.jar;C:\Users\Javi\.m2\repository\org\openjfx\javafx-base\14\javafx-base-14.jar;C:\Users\Javi\.m2\repository\org\openjfx\javafx-base\14\javafx-base-14-win.jar;C:\Users\Javi\.m2\repository\junit\junit\4.12\junit-4.12.jar;C:\Users\Javi\.m2\repository\org\hamcrest\hamcrest-core\1.3\hamcrest-core-1.3.jar;C:\Users\Javi\.m2\repository\org\openjfx\javafx-fxml\14\javafx-fxml-14.jar;C:\Users\Javi\.m2\repository\org\openjfx\javafx-fxml\14\javafx-fxml-14-win.jar;C:\Users\Javi\.m2\repository\org\junit\jupiter\junit-jupiter-api\5.8.2\junit-jupiter-api-5.8.2.jar;C:\Users\Javi\.m2\repository\org\opentest4j\opentest4j\1.2.0\opentest4j-1.2.0.jar;C:\Users\Javi\.m2\repository\org\junit\platform\junit-platform-commons\1.8.2\junit-platform-commons-1.8.2.jar;C:\Users\Javi\.m2\repository\org\apiguardian\apiguardian-api\1.1.2\apiguardian-api-1.1.2.jar;C:\Users\Javi\.m2\repository\org\junit\jupiter\junit-jupiter-engine\5.8.2\junit-jupiter-engine-5.8.2.jar;C:\Users\Javi\.m2\repository\org\junit\platform\junit-platform-engine\1.8.2\junit-platform-engine-1.8.2.jar;"/>
    <property name="sun.cpu.endian" value="little"/>
    <property name="user.home" value="C:\Users\Javi"/>
    <property name="user.language" value="es"/>
    <property name="java.specification.vendor" value="Oracle Corporation"/>
    <property name="java.version.date" value="2023-07-18"/>
    <property name="java.home" value="C:\Program Files\Java\jdk-17"/>
    <property name="file.separator" value="\"/>
    <property name="basedir" value="C:\Users\Javi\Desktop\Akari-DAP"/>
    <property name="java.vm.compressedOopsMode" value="32-bit"/>
    <property name="line.separator" value="&#10;"/>
    <property name="java.vm.specification.vendor" value="Oracle Corporation"/>
    <property name="java.specification.name" value="Java Platform API Specification"/>
    <property name="surefire.real.class.path" value="C:\Users\Javi\AppData\Local\Temp\surefire10665736770735067531\surefirebooter14071631860252580749.jar"/>
    <property name="user.script" value=""/>
    <property name="sun.management.compiler" value="HotSpot 64-Bit Tiered Compilers"/>
    <property name="java.runtime.version" value="17.0.8+9-LTS-211"/>
    <property name="user.name" value="Javi"/>
    <property name="path.separator" value=";"/>
    <property name="os.version" value="10.0"/>
    <property name="java.runtime.name" value="Java(TM) SE Runtime Environment"/>
    <property name="file.encoding" value="Cp1252"/>
    <property name="java.vm.name" value="Java HotSpot(TM) 64-Bit Server VM"/>
    <property name="localRepository" value="C:\Users\Javi\.m2\repository"/>
    <property name="java.vendor.url.bug" value="https://bugreport.java.com/bugreport/"/>
    <property name="java.io.tmpdir" value="C:\Users\Javi\AppData\Local\Temp\"/>
    <property name="java.version" value="17.0.8"/>
    <property name="user.dir" value="C:\Users\Javi\Desktop\Akari-DAP"/>
    <property name="os.arch" value="amd64"/>
    <property name="java.vm.specification.name" value="Java Virtual Machine Specification"/>
    <property name="sun.os.patch.level" value=""/>
    <property name="native.encoding" value="Cp1252"/>
    <property name="java.library.path" value="C:\Program Files\Java\jdk-17\bin;C:\WINDOWS\Sun\Java\bin;C:\WINDOWS\system32;C:\WINDOWS;C:\Program Files\Python312\Scripts\;C:\Program Files\Python312\;C:\Program Files\sonar-scanner-5.0.1.3006-windows\bin;C:\Program Files\Java\jdk-17\bin;C:\Program Files\maven\apache-maven-3.9.5\bin;C:\Windows\System32;C:\Program Files (x86)\Graphviz\bin;C:\Program Files\Git\cmd;C:\Users\Javi\AppData\Local\Programs\Python\Python311\Scripts\;C:\Users\Javi\AppData\Local\Programs\Python\Python311\;C:\Users\Javi\AppData\Local\Microsoft\WindowsApps;C:\Users\Javi\AppData\Local\Programs\Microsoft VS Code\bin;C:\Users\Javi\AppData\Local\GitHubDesktop\bin;C:\MinGW\bin;C:\Program Files\sonar-scanner-5.0.1.3006-windows\bin;C:\Windows\System32\cmd.exe;C:\Program Files (x86)\Graphviz\bin;;."/>
    <property name="java.vm.info" value="mixed mode, sharing"/>
    <property name="java.vendor" value="Oracle Corporation"/>
    <property name="java.vm.version" value="17.0.8+9-LTS-211"/>
    <property name="sun.io.unicode.encoding" value="UnicodeLittle"/>
    <property name="java.class.version" value="61.0"/>
  </properties>
  <testcase name="constructor" classname="com.comp301.a09akari.ModelImplTest" time="0.04"/>
  <testcase name="addLamp" classname="com.comp301.a09akari.ModelImplTest" time="0.004"/>
  <testcase name="isLit" classname="com.comp301.a09akari.ModelImplTest" time="0.002"/>
  <testcase name="removeLamp" classname="com.comp301.a09akari.ModelImplTest" time="0.006"/>
</testsuite>